<?xml version="1.0" encoding="utf-8"?><testsuites><testsuite errors="0" failures="1" hostname="Pomegranate.local" name="pytest" skipped="0" tests="4" time="0.142" timestamp="2020-01-22T22:51:18.720697"><testcase classname="test_zoo" file="test_zoo.py" line="16" name="test_zoo0" time="0.001"></testcase><testcase classname="test_zoo" file="test_zoo.py" line="21" name="test_zoo" time="0.005"><failure message="AssertionError: 意図的にエラーを発生させている
assert &apos;にゃー😺&apos; == &apos;みゃー😺&apos;
  - にゃー😺
  ? ^
  + みゃー😺
  ? ^">zoo_fixture = {&apos;zoo&apos;: &lt;zoo.zoo object at 0x1100e6910&gt;}

    def test_zoo(zoo_fixture):
        c1 = zoo_fixture[&apos;zoo&apos;].put_cat()
&gt;       assert c1.say() == &apos;みゃー😺&apos;,&apos;意図的にエラーを発生させている&apos;
E       AssertionError: 意図的にエラーを発生させている
E       assert &apos;にゃー😺&apos; == &apos;みゃー😺&apos;
E         - にゃー😺
E         ? ^
E         + みゃー😺
E         ? ^

test_zoo.py:24: AssertionError</failure></testcase><testcase classname="test_zoo" file="test_zoo.py" line="25" name="test_zoo2" time="0.001"></testcase><testcase classname="test_zoo" file="test_zoo.py" line="29" name="test_zoo3" time="0.002"></testcase></testsuite></testsuites>