<?xml version="1.0" encoding="utf-8"?><testsuites><testsuite errors="0" failures="1" hostname="Pomegranate.local" name="pytest" skipped="0" tests="4" time="0.130" timestamp="2020-01-22T23:04:09.416094"><testcase classname="test_zoo" file="test_zoo.py" line="17" name="test_zoo0" time="0.002"></testcase><testcase classname="test_zoo" file="test_zoo.py" line="22" name="test_zoo" time="0.001"><failure message="AssertionError: æ„å›³çš„ã«ã‚¨ãƒ©ãƒ¼ã‚’ç™ºç”Ÿã•ã›ã¦ã„ã‚‹
assert &apos;ã«ã‚ƒãƒ¼ğŸ˜º&apos; == &apos;ã¿ã‚ƒãƒ¼ğŸ˜º&apos;
  - ã«ã‚ƒãƒ¼ğŸ˜º
  ? ^
  + ã¿ã‚ƒãƒ¼ğŸ˜º
  ? ^">zoo_fixture = {&apos;zoo&apos;: &lt;zoo.zoo object at 0x10b4d4f50&gt;}

    def test_zoo(zoo_fixture):
        c1 = zoo_fixture[&apos;zoo&apos;].put_cat()
&gt;       assert c1.say() == &apos;ã¿ã‚ƒãƒ¼ğŸ˜º&apos;,&apos;æ„å›³çš„ã«ã‚¨ãƒ©ãƒ¼ã‚’ç™ºç”Ÿã•ã›ã¦ã„ã‚‹&apos;
E       AssertionError: æ„å›³çš„ã«ã‚¨ãƒ©ãƒ¼ã‚’ç™ºç”Ÿã•ã›ã¦ã„ã‚‹
E       assert &apos;ã«ã‚ƒãƒ¼ğŸ˜º&apos; == &apos;ã¿ã‚ƒãƒ¼ğŸ˜º&apos;
E         - ã«ã‚ƒãƒ¼ğŸ˜º
E         ? ^
E         + ã¿ã‚ƒãƒ¼ğŸ˜º
E         ? ^

test_zoo.py:25: AssertionError</failure></testcase><testcase classname="test_zoo" file="test_zoo.py" line="26" name="test_zoo2" time="0.001"></testcase><testcase classname="test_zoo" file="test_zoo.py" line="30" name="test_zoo3" time="0.000"></testcase></testsuite></testsuites>